d:\sdlprojects\sdlgameengine\sdlgameengine\debug\vc141.pdb
d:\sdlprojects\sdlgameengine\sdlgameengine\debug\vc141.idb
d:\sdlprojects\sdlgameengine\sdlgameengine\debug\vector2.obj
d:\sdlprojects\sdlgameengine\sdlgameengine\debug\updatetarget.obj
d:\sdlprojects\sdlgameengine\sdlgameengine\debug\transform.obj
d:\sdlprojects\sdlgameengine\sdlgameengine\debug\texture.obj
d:\sdlprojects\sdlgameengine\sdlgameengine\debug\testdemo.obj
d:\sdlprojects\sdlgameengine\sdlgameengine\debug\renderer.obj
d:\sdlprojects\sdlgameengine\sdlgameengine\debug\moveincircle.obj
d:\sdlprojects\sdlgameengine\sdlgameengine\debug\module.obj
d:\sdlprojects\sdlgameengine\sdlgameengine\debug\main.obj
d:\sdlprojects\sdlgameengine\sdlgameengine\debug\kinematicsteeringbehaviour.obj
d:\sdlprojects\sdlgameengine\sdlgameengine\debug\kinematicseek.obj
d:\sdlprojects\sdlgameengine\sdlgameengine\debug\kinematicdemo.obj
d:\sdlprojects\sdlgameengine\sdlgameengine\debug\kinematicagent.obj
d:\sdlprojects\sdlgameengine\sdlgameengine\debug\input.obj
d:\sdlprojects\sdlgameengine\sdlgameengine\debug\gameobject.obj
d:\sdlprojects\sdlgameengine\sdlgameengine\debug\game.obj
d:\sdlprojects\sdlgameengine\sdlgameengine\debug\component.obj
d:\sdlprojects\sdlgameengine\sdlgameengine\debug\behaviour.obj
d:\sdlprojects\sdlgameengine\debug\sdlgameengine.exe
d:\sdlprojects\sdlgameengine\debug\sdlgameengine.ilk
d:\sdlprojects\sdlgameengine\debug\sdlgameengine.pdb
d:\sdlprojects\sdlgameengine\sdlgameengine\debug\sdlgameengine.tlog\cl.command.1.tlog
d:\sdlprojects\sdlgameengine\sdlgameengine\debug\sdlgameengine.tlog\cl.read.1.tlog
d:\sdlprojects\sdlgameengine\sdlgameengine\debug\sdlgameengine.tlog\cl.write.1.tlog
d:\sdlprojects\sdlgameengine\sdlgameengine\debug\sdlgameengine.tlog\link.command.1.tlog
d:\sdlprojects\sdlgameengine\sdlgameengine\debug\sdlgameengine.tlog\link.read.1.tlog
d:\sdlprojects\sdlgameengine\sdlgameengine\debug\sdlgameengine.tlog\link.write.1.tlog
