  Align.cpp
c:\users\abhis\onedrive\documents\github\sdlgameengine\sdlgameengine\sdlgameengine\transform.h(2): fatal error C1083: Cannot open include file: 'SDL.h': No such file or directory
  Arrive.cpp
c:\users\abhis\onedrive\documents\github\sdlgameengine\sdlgameengine\sdlgameengine\transform.h(2): fatal error C1083: Cannot open include file: 'SDL.h': No such file or directory
  Behaviour.cpp
  Component.cpp
  DynamicSteeringDemo.cpp
c:\users\abhis\onedrive\documents\github\sdlgameengine\sdlgameengine\sdlgameengine\game.h(2): fatal error C1083: Cannot open include file: 'SDL.h': No such file or directory
  Flee.cpp
c:\users\abhis\onedrive\documents\github\sdlgameengine\sdlgameengine\sdlgameengine\transform.h(2): fatal error C1083: Cannot open include file: 'SDL.h': No such file or directory
  Game.cpp
c:\users\abhis\onedrive\documents\github\sdlgameengine\sdlgameengine\sdlgameengine\game.h(2): fatal error C1083: Cannot open include file: 'SDL.h': No such file or directory
  GameObject.cpp
c:\users\abhis\onedrive\documents\github\sdlgameengine\sdlgameengine\sdlgameengine\transform.h(2): fatal error C1083: Cannot open include file: 'SDL.h': No such file or directory
  Input.cpp
c:\users\abhis\onedrive\documents\github\sdlgameengine\sdlgameengine\sdlgameengine\input.h(2): fatal error C1083: Cannot open include file: 'SDL.h': No such file or directory
  KinematicAgent.cpp
c:\users\abhis\onedrive\documents\github\sdlgameengine\sdlgameengine\sdlgameengine\transform.h(2): fatal error C1083: Cannot open include file: 'SDL.h': No such file or directory
  KinematicDemo.cpp
c:\users\abhis\onedrive\documents\github\sdlgameengine\sdlgameengine\sdlgameengine\game.h(2): fatal error C1083: Cannot open include file: 'SDL.h': No such file or directory
  KinematicSeek.cpp
c:\users\abhis\onedrive\documents\github\sdlgameengine\sdlgameengine\sdlgameengine\transform.h(2): fatal error C1083: Cannot open include file: 'SDL.h': No such file or directory
  KinematicSteeringBehaviour.cpp
  main.cpp
c:\users\abhis\onedrive\documents\github\sdlgameengine\sdlgameengine\sdlgameengine\main.cpp(4): fatal error C1083: Cannot open include file: 'SDL.h': No such file or directory
  Module.cpp
  MoveInCircle.cpp
c:\users\abhis\onedrive\documents\github\sdlgameengine\sdlgameengine\sdlgameengine\transform.h(2): fatal error C1083: Cannot open include file: 'SDL.h': No such file or directory
  Pursue.cpp
c:\users\abhis\onedrive\documents\github\sdlgameengine\sdlgameengine\sdlgameengine\transform.h(2): fatal error C1083: Cannot open include file: 'SDL.h': No such file or directory
  Renderer.cpp
c:\users\abhis\onedrive\documents\github\sdlgameengine\sdlgameengine\sdlgameengine\texture.h(2): fatal error C1083: Cannot open include file: 'SDL.h': No such file or directory
  Seek.cpp
c:\users\abhis\onedrive\documents\github\sdlgameengine\sdlgameengine\sdlgameengine\transform.h(2): fatal error C1083: Cannot open include file: 'SDL.h': No such file or directory
  SteeringAgent.cpp
c:\users\abhis\onedrive\documents\github\sdlgameengine\sdlgameengine\sdlgameengine\transform.h(2): fatal error C1083: Cannot open include file: 'SDL.h': No such file or directory
  Generating Code...
  Compiling...
  SteeringBehaviour.cpp
c:\users\abhis\onedrive\documents\github\sdlgameengine\sdlgameengine\sdlgameengine\transform.h(2): fatal error C1083: Cannot open include file: 'SDL.h': No such file or directory
  TestDemo.cpp
c:\users\abhis\onedrive\documents\github\sdlgameengine\sdlgameengine\sdlgameengine\game.h(2): fatal error C1083: Cannot open include file: 'SDL.h': No such file or directory
  Texture.cpp
c:\users\abhis\onedrive\documents\github\sdlgameengine\sdlgameengine\sdlgameengine\texture.h(2): fatal error C1083: Cannot open include file: 'SDL.h': No such file or directory
  Transform.cpp
c:\users\abhis\onedrive\documents\github\sdlgameengine\sdlgameengine\sdlgameengine\transform.h(2): fatal error C1083: Cannot open include file: 'SDL.h': No such file or directory
  UpdateTarget.cpp
c:\users\abhis\onedrive\documents\github\sdlgameengine\sdlgameengine\sdlgameengine\transform.h(2): fatal error C1083: Cannot open include file: 'SDL.h': No such file or directory
  UpdateVectorTarget.cpp
c:\users\abhis\onedrive\documents\github\sdlgameengine\sdlgameengine\sdlgameengine\transform.h(2): fatal error C1083: Cannot open include file: 'SDL.h': No such file or directory
  Vector2.cpp
c:\users\abhis\onedrive\documents\github\sdlgameengine\sdlgameengine\sdlgameengine\vector2.cpp(16): warning C4244: 'return': conversion from 'double' to 'float', possible loss of data
c:\users\abhis\onedrive\documents\github\sdlgameengine\sdlgameengine\sdlgameengine\vector2.cpp(18): warning C4244: 'return': conversion from 'double' to 'float', possible loss of data
  Generating Code...
