c:\users\abhis\onedrive\documents\github\sdlgameengine\sdlgameengine\sdlgameengine\x64\debug\vc141.pdb
c:\users\abhis\onedrive\documents\github\sdlgameengine\sdlgameengine\sdlgameengine\x64\debug\vc141.idb
c:\users\abhis\onedrive\documents\github\sdlgameengine\sdlgameengine\sdlgameengine\x64\debug\module.obj
c:\users\abhis\onedrive\documents\github\sdlgameengine\sdlgameengine\sdlgameengine\x64\debug\kinematicsteeringbehaviour.obj
c:\users\abhis\onedrive\documents\github\sdlgameengine\sdlgameengine\sdlgameengine\x64\debug\component.obj
c:\users\abhis\onedrive\documents\github\sdlgameengine\sdlgameengine\sdlgameengine\x64\debug\behaviour.obj
c:\users\abhis\onedrive\documents\github\sdlgameengine\sdlgameengine\sdlgameengine\x64\debug\vector2.obj
c:\users\abhis\onedrive\documents\github\sdlgameengine\sdlgameengine\sdlgameengine\x64\debug\main.obj
c:\users\abhis\onedrive\documents\github\sdlgameengine\sdlgameengine\sdlgameengine\x64\debug\kinematicseek.obj
c:\users\abhis\onedrive\documents\github\sdlgameengine\sdlgameengine\sdlgameengine\x64\debug\kinematicdemo.obj
c:\users\abhis\onedrive\documents\github\sdlgameengine\sdlgameengine\sdlgameengine\x64\debug\kinematicagent.obj
c:\users\abhis\onedrive\documents\github\sdlgameengine\sdlgameengine\sdlgameengine\x64\debug\input.obj
c:\users\abhis\onedrive\documents\github\sdlgameengine\sdlgameengine\sdlgameengine\x64\debug\gameobject.obj
c:\users\abhis\onedrive\documents\github\sdlgameengine\sdlgameengine\sdlgameengine\x64\debug\game.obj
c:\users\abhis\onedrive\documents\github\sdlgameengine\sdlgameengine\sdlgameengine\x64\debug\flee.obj
c:\users\abhis\onedrive\documents\github\sdlgameengine\sdlgameengine\sdlgameengine\x64\debug\dynamicsteeringdemo.obj
c:\users\abhis\onedrive\documents\github\sdlgameengine\sdlgameengine\sdlgameengine\x64\debug\color.obj
c:\users\abhis\onedrive\documents\github\sdlgameengine\sdlgameengine\sdlgameengine\x64\debug\collider.obj
c:\users\abhis\onedrive\documents\github\sdlgameengine\sdlgameengine\sdlgameengine\x64\debug\camerafollow.obj
c:\users\abhis\onedrive\documents\github\sdlgameengine\sdlgameengine\sdlgameengine\x64\debug\camera.obj
c:\users\abhis\onedrive\documents\github\sdlgameengine\sdlgameengine\sdlgameengine\x64\debug\bullet.obj
c:\users\abhis\onedrive\documents\github\sdlgameengine\sdlgameengine\sdlgameengine\x64\debug\arrive.obj
c:\users\abhis\onedrive\documents\github\sdlgameengine\sdlgameengine\sdlgameengine\x64\debug\align.obj
c:\users\abhis\onedrive\documents\github\sdlgameengine\sdlgameengine\sdlgameengine\x64\debug\time.obj
c:\users\abhis\onedrive\documents\github\sdlgameengine\sdlgameengine\sdlgameengine\x64\debug\texture.obj
c:\users\abhis\onedrive\documents\github\sdlgameengine\sdlgameengine\sdlgameengine\x64\debug\testdemo.obj
c:\users\abhis\onedrive\documents\github\sdlgameengine\sdlgameengine\sdlgameengine\x64\debug\steeringbehaviour.obj
c:\users\abhis\onedrive\documents\github\sdlgameengine\sdlgameengine\sdlgameengine\x64\debug\steeringagent.obj
c:\users\abhis\onedrive\documents\github\sdlgameengine\sdlgameengine\sdlgameengine\x64\debug\spriterenderer.obj
c:\users\abhis\onedrive\documents\github\sdlgameengine\sdlgameengine\sdlgameengine\x64\debug\sprite.obj
c:\users\abhis\onedrive\documents\github\sdlgameengine\sdlgameengine\sdlgameengine\x64\debug\shooter.obj
c:\users\abhis\onedrive\documents\github\sdlgameengine\sdlgameengine\sdlgameengine\x64\debug\shoot.obj
c:\users\abhis\onedrive\documents\github\sdlgameengine\sdlgameengine\sdlgameengine\x64\debug\seek.obj
c:\users\abhis\onedrive\documents\github\sdlgameengine\sdlgameengine\sdlgameengine\x64\debug\scene1.obj
c:\users\abhis\onedrive\documents\github\sdlgameengine\sdlgameengine\sdlgameengine\x64\debug\scene.obj
c:\users\abhis\onedrive\documents\github\sdlgameengine\sdlgameengine\sdlgameengine\x64\debug\rendermodule.obj
c:\users\abhis\onedrive\documents\github\sdlgameengine\sdlgameengine\sdlgameengine\x64\debug\renderer.obj
c:\users\abhis\onedrive\documents\github\sdlgameengine\sdlgameengine\sdlgameengine\x64\debug\rect.obj
c:\users\abhis\onedrive\documents\github\sdlgameengine\sdlgameengine\sdlgameengine\x64\debug\pursue.obj
c:\users\abhis\onedrive\documents\github\sdlgameengine\sdlgameengine\sdlgameengine\x64\debug\playercontrols.obj
c:\users\abhis\onedrive\documents\github\sdlgameengine\sdlgameengine\sdlgameengine\x64\debug\physics.obj
c:\users\abhis\onedrive\documents\github\sdlgameengine\sdlgameengine\sdlgameengine\x64\debug\pathfollowing.obj
c:\users\abhis\onedrive\documents\github\sdlgameengine\sdlgameengine\sdlgameengine\x64\debug\moveincircle.obj
c:\users\abhis\onedrive\documents\github\sdlgameengine\sdlgameengine\sdlgameengine\x64\debug\updatevectortarget.obj
c:\users\abhis\onedrive\documents\github\sdlgameengine\sdlgameengine\sdlgameengine\x64\debug\updatetarget.obj
c:\users\abhis\onedrive\documents\github\sdlgameengine\sdlgameengine\sdlgameengine\x64\debug\transform.obj
c:\users\abhis\onedrive\documents\github\sdlgameengine\sdlgameengine\sdlgameengine\x64\debug\sdlgameengine.tlog\cl.command.1.tlog
c:\users\abhis\onedrive\documents\github\sdlgameengine\sdlgameengine\sdlgameengine\x64\debug\sdlgameengine.tlog\cl.read.1.tlog
c:\users\abhis\onedrive\documents\github\sdlgameengine\sdlgameengine\sdlgameengine\x64\debug\sdlgameengine.tlog\cl.write.1.tlog
c:\users\abhis\onedrive\documents\github\sdlgameengine\sdlgameengine\sdlgameengine\x64\debug\sdlgameengine.tlog\link.command.1.tlog
c:\users\abhis\onedrive\documents\github\sdlgameengine\sdlgameengine\sdlgameengine\x64\debug\sdlgameengine.tlog\link.read.1.tlog
c:\users\abhis\onedrive\documents\github\sdlgameengine\sdlgameengine\sdlgameengine\x64\debug\sdlgameengine.tlog\link.write.1.tlog
